<?xml version="1.0" encoding="UTF-8"?>
<!-- Generated by org.testng.reporters.JUnitReportReporter -->
<testsuite hostname="DESKTOP-HBGLQ0J" failures="0" tests="6" name="api.test.DDTests" time="8.782" errors="0" timestamp="2023-07-21T02:02:16 IST" skipped="0">
  <testcase classname="api.test.DDTests" name="testPostuser" time="3.008"/>
  <testcase classname="api.test.DDTests" name="testPostuser" time="1.158"/>
  <testcase classname="api.test.DDTests" name="testPostuser" time="1.152"/>
  <testcase classname="api.test.DDTests" name="testDeleteUserByName" time="1.203"/>
  <testcase classname="api.test.DDTests" name="testDeleteUserByName" time="1.147"/>
  <testcase classname="api.test.DDTests" name="testDeleteUserByName" time="1.114"/>
</testsuite> <!-- api.test.DDTests -->
