<?xml version="1.0" encoding="UTF-8"?>
<!-- Generated by org.testng.reporters.JUnitReportReporter -->
<testsuite hostname="DESKTOP-HBGLQ0J" failures="0" tests="4" name="api.test.UserTests" time="10.573" errors="0" timestamp="2023-07-21T16:48:25 IST" skipped="0">
  <testcase classname="api.test.UserTests" name="testPostUser" time="4.642"/>
  <testcase classname="api.test.UserTests" name="testGetUserByName" time="1.440"/>
  <testcase classname="api.test.UserTests" name="testUpdateUserByName" time="2.957"/>
  <testcase classname="api.test.UserTests" name="testDeleteUserByName" time="1.534"/>
</testsuite> <!-- api.test.UserTests -->
