<?xml version="1.0" encoding="UTF-8"?>
<!-- Generated by org.testng.reporters.JUnitReportReporter -->
<testsuite hostname="DESKTOP-HBGLQ0J" failures="0" tests="4" name="api.test.UserTests2" time="9.613" errors="0" timestamp="2023-07-22T00:36:46 IST" skipped="0">
  <testcase classname="api.test.UserTests2" name="testPostUser" time="3.716"/>
  <testcase classname="api.test.UserTests2" name="testGetUserByName" time="1.507"/>
  <testcase classname="api.test.UserTests2" name="testUpdateUserByName" time="3.060"/>
  <testcase classname="api.test.UserTests2" name="testDeleteUserByName" time="1.330"/>
</testsuite> <!-- api.test.UserTests2 -->
